  Game.cpp
C:\Users\C00240102\Desktop\opengl-cube\master\SFMLOpenGL\Game.cpp(180,34): warning C4305:  'argument': truncation from 'double' to 'float'
C:\Users\C00240102\Desktop\opengl-cube\master\SFMLOpenGL\Game.cpp(181,34): warning C4305:  'argument': truncation from 'double' to 'float'
C:\Users\C00240102\Desktop\opengl-cube\master\SFMLOpenGL\Game.cpp(182,34): warning C4305:  'argument': truncation from 'double' to 'float'
C:\Users\C00240102\Desktop\opengl-cube\master\SFMLOpenGL\Game.cpp(183,34): warning C4305:  'argument': truncation from 'double' to 'float'
C:\Users\C00240102\Desktop\opengl-cube\master\SFMLOpenGL\Game.cpp(184,34): warning C4305:  'argument': truncation from 'double' to 'float'
C:\Users\C00240102\Desktop\opengl-cube\master\SFMLOpenGL\Game.cpp(185,34): warning C4305:  'argument': truncation from 'double' to 'float'
C:\Users\C00240102\Desktop\opengl-cube\master\SFMLOpenGL\Game.cpp(191,35): warning C4305:  'argument': truncation from 'double' to 'float'
C:\Users\C00240102\Desktop\opengl-cube\master\SFMLOpenGL\Game.cpp(192,35): warning C4305:  'argument': truncation from 'double' to 'float'
C:\Users\C00240102\Desktop\opengl-cube\master\SFMLOpenGL\Game.cpp(193,35): warning C4305:  'argument': truncation from 'double' to 'float'
C:\Users\C00240102\Desktop\opengl-cube\master\SFMLOpenGL\Game.cpp(194,35): warning C4305:  'argument': truncation from 'double' to 'float'
C:\Users\C00240102\Desktop\opengl-cube\master\SFMLOpenGL\Game.cpp(195,35): warning C4305:  'argument': truncation from 'double' to 'float'
C:\Users\C00240102\Desktop\opengl-cube\master\SFMLOpenGL\Game.cpp(196,35): warning C4305:  'argument': truncation from 'double' to 'float'
C:\Users\C00240102\Desktop\opengl-cube\master\SFMLOpenGL\Game.cpp(201,34): warning C4305:  'argument': truncation from 'double' to 'float'
C:\Users\C00240102\Desktop\opengl-cube\master\SFMLOpenGL\Game.cpp(202,34): warning C4305:  'argument': truncation from 'double' to 'float'
C:\Users\C00240102\Desktop\opengl-cube\master\SFMLOpenGL\Game.cpp(203,34): warning C4305:  'argument': truncation from 'double' to 'float'
C:\Users\C00240102\Desktop\opengl-cube\master\SFMLOpenGL\Game.cpp(204,34): warning C4305:  'argument': truncation from 'double' to 'float'
C:\Users\C00240102\Desktop\opengl-cube\master\SFMLOpenGL\Game.cpp(205,34): warning C4305:  'argument': truncation from 'double' to 'float'
C:\Users\C00240102\Desktop\opengl-cube\master\SFMLOpenGL\Game.cpp(206,34): warning C4305:  'argument': truncation from 'double' to 'float'
C:\Users\C00240102\Desktop\opengl-cube\master\SFMLOpenGL\Game.cpp(211,35): warning C4305:  'argument': truncation from 'double' to 'float'
C:\Users\C00240102\Desktop\opengl-cube\master\SFMLOpenGL\Game.cpp(212,35): warning C4305:  'argument': truncation from 'double' to 'float'
C:\Users\C00240102\Desktop\opengl-cube\master\SFMLOpenGL\Game.cpp(213,35): warning C4305:  'argument': truncation from 'double' to 'float'
C:\Users\C00240102\Desktop\opengl-cube\master\SFMLOpenGL\Game.cpp(214,35): warning C4305:  'argument': truncation from 'double' to 'float'
C:\Users\C00240102\Desktop\opengl-cube\master\SFMLOpenGL\Game.cpp(215,35): warning C4305:  'argument': truncation from 'double' to 'float'
C:\Users\C00240102\Desktop\opengl-cube\master\SFMLOpenGL\Game.cpp(216,35): warning C4305:  'argument': truncation from 'double' to 'float'
C:\Users\C00240102\Desktop\opengl-cube\master\SFMLOpenGL\Game.cpp(222,38): warning C4305:  'argument': truncation from 'double' to 'float'
C:\Users\C00240102\Desktop\opengl-cube\master\SFMLOpenGL\Game.cpp(223,39): warning C4305:  'argument': truncation from 'double' to 'float'
C:\Users\C00240102\Desktop\opengl-cube\master\SFMLOpenGL\Game.cpp(224,39): warning C4305:  'argument': truncation from 'double' to 'float'
C:\Users\C00240102\Desktop\opengl-cube\master\SFMLOpenGL\Game.cpp(225,39): warning C4305:  'argument': truncation from 'double' to 'float'
C:\Users\C00240102\Desktop\opengl-cube\master\SFMLOpenGL\Game.cpp(226,39): warning C4305:  'argument': truncation from 'double' to 'float'
C:\Users\C00240102\Desktop\opengl-cube\master\SFMLOpenGL\Game.cpp(227,39): warning C4305:  'argument': truncation from 'double' to 'float'
C:\Users\C00240102\Desktop\opengl-cube\master\SFMLOpenGL\Game.cpp(233,38): warning C4305:  'argument': truncation from 'double' to 'float'
C:\Users\C00240102\Desktop\opengl-cube\master\SFMLOpenGL\Game.cpp(234,38): warning C4305:  'argument': truncation from 'double' to 'float'
C:\Users\C00240102\Desktop\opengl-cube\master\SFMLOpenGL\Game.cpp(235,38): warning C4305:  'argument': truncation from 'double' to 'float'
C:\Users\C00240102\Desktop\opengl-cube\master\SFMLOpenGL\Game.cpp(236,38): warning C4305:  'argument': truncation from 'double' to 'float'
C:\Users\C00240102\Desktop\opengl-cube\master\SFMLOpenGL\Game.cpp(237,38): warning C4305:  'argument': truncation from 'double' to 'float'
C:\Users\C00240102\Desktop\opengl-cube\master\SFMLOpenGL\Game.cpp(238,38): warning C4305:  'argument': truncation from 'double' to 'float'
  SFMLOpenGL.vcxproj -> C:\Users\C00240102\Desktop\opengl-cube\master\Debug\SFMLOpenGL.exe
  C:\SFML-2.5.1\bin\openal32.dll
  C:\SFML-2.5.1\bin\sfml-audio-2.dll
  C:\SFML-2.5.1\bin\sfml-audio-d-2.dll
  C:\SFML-2.5.1\bin\sfml-graphics-2.dll
  C:\SFML-2.5.1\bin\sfml-graphics-d-2.dll
  C:\SFML-2.5.1\bin\sfml-network-2.dll
  C:\SFML-2.5.1\bin\sfml-network-d-2.dll
  C:\SFML-2.5.1\bin\sfml-system-2.dll
  C:\SFML-2.5.1\bin\sfml-system-d-2.dll
  C:\SFML-2.5.1\bin\sfml-window-2.dll
  C:\SFML-2.5.1\bin\sfml-window-d-2.dll
  11 File(s) copied
